"2020-11-05 10:28:17,258","main.<module>.53","DEBUG","Program started."
"2020-11-05 10:28:17,266","main.check_progs.24","DEBUG","2020-11-05 10:28:17.266690 Checking programs."
"2020-11-05 10:28:17,818","main.check_progs.45","DEBUG","Skype is not open, prompting to open."
"2020-11-05 10:28:29,263","main.check_progs.49","DEBUG","Check complete"
"2020-11-05 10:28:40,686","main.<module>.113","DEBUG","Stretch reminder popup."
"2020-11-05 10:28:40,687","main.<module>.115","DEBUG","between ifs"
"2020-11-05 10:28:40,688","main.<module>.122","DEBUG","Checking for appts."
"2020-11-05 10:28:40,689","check_calendar.check_appts_soon.85","DEBUG","checking for appts soon."
"2020-11-05 10:28:40,789","check_calendar.get_appts.37","DEBUG","37"
"2020-11-05 10:28:40,815","check_calendar.get_appts.41","DEBUG","41"
"2020-11-05 10:28:40,830","check_calendar.check_appts_soon.91","DEBUG","now 2020-11-05 10:28:40.829649-05:00"
"2020-11-05 10:28:40,831","check_calendar.check_appts_soon.93","DEBUG","93"
"2020-11-05 10:28:41,605","main.<module>.125","DEBUG","Appts check complete."
"2020-11-05 10:28:51,606","main.<module>.115","DEBUG","between ifs"
"2020-11-05 10:29:01,606","main.<module>.115","DEBUG","between ifs"
"2020-11-05 10:29:11,610","main.<module>.115","DEBUG","between ifs"
"2020-11-05 10:29:21,612","main.<module>.115","DEBUG","between ifs"
"2020-11-05 10:29:31,614","main.<module>.115","DEBUG","between ifs"
"2020-11-05 10:29:41,615","main.<module>.115","DEBUG","between ifs"
"2020-11-05 10:29:51,615","main.<module>.115","DEBUG","between ifs"
"2020-11-05 10:30:01,615","main.<module>.115","DEBUG","between ifs"
"2020-11-05 10:30:11,615","main.<module>.115","DEBUG","between ifs"
"2020-11-05 10:30:21,615","main.<module>.115","DEBUG","between ifs"
"2020-11-05 10:30:31,615","main.<module>.115","DEBUG","between ifs"
"2020-11-05 10:30:41,615","main.<module>.115","DEBUG","between ifs"
"2020-11-05 10:30:51,616","main.<module>.115","DEBUG","between ifs"
"2020-11-05 10:31:11,596","main.<module>.53","DEBUG","Program started."
"2020-11-05 10:31:11,599","main.check_progs.24","DEBUG","2020-11-05 10:31:11.599412 Checking programs."
"2020-11-05 10:31:12,008","main.check_progs.45","DEBUG","Skype is not open, prompting to open."
"2020-11-05 10:31:23,336","main.check_progs.49","DEBUG","Check complete"
"2020-11-05 10:31:34,718","main.<module>.113","DEBUG","Stretch reminder popup."
"2020-11-05 10:31:34,720","main.<module>.115","DEBUG","between ifs"
"2020-11-05 10:31:34,722","main.<module>.122","DEBUG","Checking for appts."
"2020-11-05 10:31:34,728","check_calendar.check_appts_soon.85","DEBUG","checking for appts soon."
"2020-11-05 10:31:34,810","check_calendar.get_appts.37","DEBUG","37"
"2020-11-05 10:31:34,824","check_calendar.get_appts.41","DEBUG","41"
"2020-11-05 10:31:34,834","check_calendar.check_appts_soon.91","DEBUG","now 2020-11-05 10:31:34.834822-05:00"
"2020-11-05 10:31:34,840","check_calendar.check_appts_soon.93","DEBUG","There are appts to check."
"2020-11-05 10:31:35,528","main.<module>.125","DEBUG","Appts check complete."
"2020-11-05 10:31:45,530","main.<module>.115","DEBUG","between ifs"
"2020-11-05 10:31:55,533","main.<module>.115","DEBUG","between ifs"
"2020-11-05 10:32:05,546","main.<module>.115","DEBUG","between ifs"
"2020-11-05 10:51:32,716","main.<module>.53","<module>","53","DEBUG","Program started."
"2020-11-05 10:51:32,722","main.check_progs.24","check_progs","24","DEBUG","2020-11-05 10:51:32.722523 Checking programs."
"2020-11-05 10:51:33,580","main.check_progs.45","check_progs","45","DEBUG","Skype is not open, prompting to open."
"2020-11-05 10:51:45,053","main.check_progs.49","check_progs","49","DEBUG","Check complete"
"2020-11-05 10:51:56,445","main.<module>.113","<module>","113","DEBUG","Stretch reminder popup."
"2020-11-05 10:51:56,446","main.<module>.115","<module>","115","DEBUG","between ifs"
"2020-11-05 10:51:56,446","main.<module>.122","<module>","122","DEBUG","Checking for appts."
"2020-11-05 10:51:56,446","check_calendar.check_appts_soon.85","check_appts_soon","85","DEBUG","checking for appts soon."
"2020-11-05 10:51:56,515","check_calendar.get_appts.37","get_appts","37","DEBUG","37"
"2020-11-05 10:51:56,531","check_calendar.get_appts.41","get_appts","41","DEBUG","41"
"2020-11-05 10:51:56,552","check_calendar.check_appts_soon.91","check_appts_soon","91","DEBUG","now 2020-11-05 10:51:56.551996-05:00"
"2020-11-05 10:51:56,553","check_calendar.check_appts_soon.93","check_appts_soon","93","DEBUG","There are appts to check."
"2020-11-05 10:51:57,561","main.<module>.125","<module>","125","DEBUG","Appts check complete."
"2020-11-05 10:52:07,562","main.<module>.115","<module>","115","DEBUG","between ifs"
"2020-11-05 10:52:20,520","main.<module>.53","<module>","53","DEBUG","Program started."
"2020-11-05 10:52:20,524","main.check_progs.24","check_progs","24","DEBUG","2020-11-05 10:52:20.524191 Checking programs."
"2020-11-05 10:52:21,024","main.check_progs.45","check_progs","45","DEBUG","Skype is not open, prompting to open."
"2020-11-05 10:52:32,351","main.check_progs.49","check_progs","49","DEBUG","Check complete"
"2020-11-05 10:52:43,845","main.<module>.113","<module>","113","DEBUG","Stretch reminder popup."
"2020-11-05 10:52:43,845","main.<module>.115","<module>","115","DEBUG","between ifs"
"2020-11-05 10:52:43,845","main.<module>.122","<module>","122","DEBUG","Checking for appts."
"2020-11-05 10:52:43,845","check_calendar.check_appts_soon.85","check_appts_soon","85","DEBUG","checking for appts soon."
"2020-11-05 10:52:43,897","check_calendar.get_appts.37","get_appts","37","DEBUG","37"
"2020-11-05 10:52:43,913","check_calendar.get_appts.41","get_appts","41","DEBUG","41"
"2020-11-05 10:52:43,940","check_calendar.check_appts_soon.91","check_appts_soon","91","DEBUG","now 2020-11-05 10:52:43.940171-05:00"
"2020-11-05 10:52:43,940","check_calendar.check_appts_soon.93","check_appts_soon","93","DEBUG","There are appts to check."
"2020-11-05 10:52:44,859","main.<module>.125","<module>","125","DEBUG","Appts check complete."
"2020-11-05 10:52:54,860","main.<module>.115","<module>","115","DEBUG","between ifs"
"2020-11-05 10:53:04,861","main.<module>.115","<module>","115","DEBUG","between ifs"
"2020-11-05 10:53:14,861","main.<module>.115","<module>","115","DEBUG","between ifs"
"2020-11-05 10:53:23,755","main.<module>.53","<module>","53","DEBUG","Program started."
"2020-11-05 10:53:23,759","main.check_progs.24","check_progs","24","DEBUG","2020-11-05 10:53:23.759768 Checking programs."
"2020-11-05 10:53:24,170","main.check_progs.45","check_progs","45","DEBUG","Skype is not open, prompting to open."
"2020-11-05 10:54:34,693","main.<module>.53","<module>","53","DEBUG","Program started."
"2020-11-05 10:54:34,698","main.check_progs.24","check_progs","24","DEBUG","2020-11-05 10:54:34.698264 Checking programs."
"2020-11-05 10:54:35,243","main.check_progs.45","check_progs","45","DEBUG","Skype is not open, prompting to open."
"2020-11-05 10:54:37,384","main.open_that.20","open_that","20","DEBUG","Tried to open lync.exe"
"2020-11-05 10:54:42,430","main.check_progs.49","check_progs","49","DEBUG","Check complete"
"2020-11-05 10:54:59,859","main.<module>.113","<module>","113","DEBUG","Stretch reminder popup."
"2020-11-05 10:54:59,859","main.<module>.115","<module>","115","DEBUG","between ifs"
"2020-11-05 10:54:59,860","main.<module>.122","<module>","122","DEBUG","Checking for appts."
"2020-11-05 10:54:59,860","check_calendar.check_appts_soon.85","check_appts_soon","85","DEBUG","checking for appts soon."
"2020-11-05 10:54:59,955","check_calendar.get_appts.37","get_appts","37","DEBUG","37"
"2020-11-05 10:54:59,976","check_calendar.get_appts.41","get_appts","41","DEBUG","41"
"2020-11-05 10:54:59,999","check_calendar.check_appts_soon.91","check_appts_soon","91","DEBUG","now 2020-11-05 10:54:59.998568-05:00"
"2020-11-05 10:55:00,005","check_calendar.check_appts_soon.93","check_appts_soon","93","DEBUG","There are appts to check."
"2020-11-05 10:55:00,981","main.<module>.125","<module>","125","DEBUG","Appts check complete."
"2020-11-05 10:55:10,982","main.<module>.115","<module>","115","DEBUG","between ifs"
"2020-11-05 10:55:20,982","main.<module>.115","<module>","115","DEBUG","between ifs"
"2020-11-05 10:55:30,983","main.<module>.115","<module>","115","DEBUG","between ifs"
"2020-11-05 10:55:40,986","main.<module>.115","<module>","115","DEBUG","between ifs"
"2020-11-05 10:55:56,316","main.<module>.53","<module>","53","DEBUG","Program started."
"2020-11-05 10:55:56,318","main.check_progs.24","check_progs","24","DEBUG","2020-11-05 10:55:56.318141 Checking programs."
"2020-11-05 10:55:56,788","main.check_progs.45","check_progs","45","DEBUG","Skype is not open, prompting to open."
"2020-11-05 10:56:00,323","main.open_that.20","open_that","20","DEBUG","Tried to open lync.exe"
"2020-11-05 10:56:05,372","main.check_progs.49","check_progs","49","DEBUG","Check complete"
"2020-11-05 10:56:16,934","main.<module>.113","<module>","113","DEBUG","Stretch reminder popup."
"2020-11-05 10:56:16,947","main.<module>.115","<module>","115","DEBUG","between ifs"
"2020-11-05 10:56:16,963","main.<module>.122","<module>","122","DEBUG","Checking for appts."
"2020-11-05 10:56:16,980","check_calendar.check_appts_soon.85","check_appts_soon","85","DEBUG","checking for appts soon."
"2020-11-05 10:56:17,292","check_calendar.get_appts.37","get_appts","37","DEBUG","37"
"2020-11-05 10:56:17,500","check_calendar.get_appts.41","get_appts","41","DEBUG","41"
"2020-11-05 10:56:17,563","check_calendar.check_appts_soon.91","check_appts_soon","91","DEBUG","now 2020-11-05 10:56:17.563381-05:00"
"2020-11-05 10:56:17,566","check_calendar.check_appts_soon.93","check_appts_soon","93","DEBUG","There are appts to check."
"2020-11-05 10:56:19,111","main.<module>.125","<module>","125","DEBUG","Appts check complete."
"2020-11-05 10:56:29,112","main.<module>.115","<module>","115","DEBUG","between ifs"
